
Showing logs for build [32mcb-kubecd-environment-pr-96-82-qzkzv-1[0m stage [32mfrom-build-pack[0m and container [32mstep-credential-initializer-8f2mz[0m
{"level":"warn","ts":1575475822.2915628,"logger":"fallback-logger","caller":"logging/config.go:69","msg":"Fetch GitHub commit ID from kodata failed: \"ref: refs/heads/master\" is not a valid GitHub commit ID"}
{"level":"info","ts":1575475822.2918577,"logger":"fallback-logger","caller":"creds-init/main.go:40","msg":"Credentials initialized."}

Showing logs for build [32mcb-kubecd-environment-pr-96-82-qzkzv-1[0m stage [32mfrom-build-pack[0m and container [32mstep-working-dir-initializer-54bjk[0m
{"level":"warn","ts":1575475823.2786171,"logger":"fallback-logger","caller":"logging/config.go:69","msg":"Fetch GitHub commit ID from kodata failed: open /var/run/ko/HEAD: no such file or directory"}
{"level":"info","ts":1575475823.2794893,"logger":"fallback-logger","caller":"bash/main.go:65","msg":"Successfully executed command \"mkdir -p /workspace/source\""}

Showing logs for build [32mcb-kubecd-environment-pr-96-82-qzkzv-1[0m stage [32mfrom-build-pack[0m and container [32mstep-place-tools[0m

Showing logs for build [32mcb-kubecd-environment-pr-96-82-qzkzv-1[0m stage [32mfrom-build-pack[0m and container [32mstep-git-source-cb-kubecd-environment-pr-96-82-lgcjv[0m
{"level":"warn","ts":1575475842.3300571,"logger":"fallback-logger","caller":"logging/config.go:69","msg":"Fetch GitHub commit ID from kodata failed: \"ref: refs/heads/master\" is not a valid GitHub commit ID"}
{"level":"info","ts":1575475842.488856,"logger":"fallback-logger","caller":"git/git.go:102","msg":"Successfully cloned https://github.com/cb-kubecd/environment-pr-96-82-boot-eks-production.git @ master in path /workspace/source"}

Showing logs for build [32mcb-kubecd-environment-pr-96-82-qzkzv-1[0m stage [32mfrom-build-pack[0m and container [32mstep-git-merge[0m
Using SHAs from PULL_REFS=master:a6e193a9dff8c46aaad245c8e02055d54a97fe7e,1:b9623bebe93f5649d036d7d192170493969f49b7
DEBUG: ran git fetch --unshallow origin b9623bebe93f5649d036d7d192170493969f49b7: a6e193a9dff8c46aaad245c8e02055d54a97fe7e: in 
DEBUG: ran git checkout master in 
DEBUG: ran git reset --hard a6e193a9dff8c46aaad245c8e02055d54a97fe7e in 
DEBUG: ran clean --force -d . in 
DEBUG: ran git merge b9623bebe93f5649d036d7d192170493969f49b7 in 
Merged SHA b9623bebe93f5649d036d7d192170493969f49b7 with commit message 'chore: Promote bdd-spring-1575475303 to version 0.0.1' into base branch master

Showing logs for build [32mcb-kubecd-environment-pr-96-82-qzkzv-1[0m stage [32mfrom-build-pack[0m and container [32mstep-build-helm-build[0m
WARNING: No $CHART_REPOSITORY defined so using the default value of: http://jenkins-x-chartmuseum:8080
Adding missing Helm repo: storage.googleapis.com https://storage.googleapis.com/chartmuseum.jenkins-x.io
Read credentials for https://storage.googleapis.com/chartmuseum.jenkins-x.io from vault helm/repos
Successfully added Helm repository storage.googleapis.com.
Adding missing Helm repo: jenkins-x-chartmuseum http://jenkins-x-chartmuseum:8080
Read credentials for http://jenkins-x-chartmuseum:8080 from vault helm/repos
Successfully added Helm repository jenkins-x-chartmuseum.
WARNING: No $CHART_REPOSITORY defined so using the default value of: http://jenkins-x-chartmuseum:8080
Adding missing Helm repo: chartmuseum.jenkins-x.io http://chartmuseum.jenkins-x.io
Read credentials for http://chartmuseum.jenkins-x.io from vault helm/repos
Successfully added Helm repository chartmuseum.jenkins-x.io.
